2022-11-07 13:33:34,095 [Worker-0: Loading available Gradle versions] INFO  o.e.b.c.i.u.g.PublishedGradleVersions - Gradle version information cache is up-to-date. Trying to read.
2022-11-07 13:33:59,227 [Worker-19: Importing Maven projects] INFO  o.e.m.c.i.l.LifecycleMappingFactory - Using org.eclipse.m2e.jdt.JarLifecycleMapping lifecycle mapping for MavenProject: com.qa.auto:Taxdoo:0.0.1-SNAPSHOT @ C:\fdrive\TaxdooTask\WebAutomation\Taxdoo\pom.xml.
2022-11-07 13:34:00,600 [Worker-19: Importing Maven projects] INFO  o.e.m.j.i.AbstractJavaProjectConfigurator - Adding source folder /Taxdoo/src/main/java
2022-11-07 13:34:00,601 [Worker-19: Importing Maven projects] INFO  o.e.m.j.i.AbstractJavaProjectConfigurator - Adding source folder /Taxdoo/src/test/java
2022-11-07 13:34:02,663 [Worker-19: Importing Maven projects] INFO  o.e.m.c.i.p.ProjectConfigurationManager - Imported and configured 1 project(s) in 6 sec
2022-11-07 13:34:03,954 [Worker-11: Building] INFO  o.e.m.c.i.embedder.EclipseLogger - Using 'UTF-8' encoding to copy filtered resources.
2022-11-07 13:34:03,954 [Worker-11: Building] INFO  o.e.m.c.i.embedder.EclipseLogger - skip non existing resourceDirectory C:\fdrive\TaxdooTask\WebAutomation\Taxdoo\src\main\resources
2022-11-07 13:34:03,956 [Worker-11: Building] INFO  o.e.m.c.i.embedder.EclipseLogger - Using 'UTF-8' encoding to copy filtered resources.
2022-11-07 13:34:03,957 [Worker-11: Building] INFO  o.e.m.c.i.embedder.EclipseLogger - skip non existing resourceDirectory C:\fdrive\TaxdooTask\WebAutomation\Taxdoo\src\test\resources
2022-11-07 13:35:14,975 [Worker-4: Building] INFO  o.e.m.c.i.embedder.EclipseLogger - Using 'UTF-8' encoding to copy filtered resources.
2022-11-07 13:35:14,975 [Worker-4: Building] INFO  o.e.m.c.i.embedder.EclipseLogger - skip non existing resourceDirectory C:\fdrive\TaxdooTask\WebAutomation\Taxdoo\src\main\resources
2022-11-07 13:35:14,977 [Worker-4: Building] INFO  o.e.m.c.i.embedder.EclipseLogger - Using 'UTF-8' encoding to copy filtered resources.
2022-11-07 13:35:14,977 [Worker-4: Building] INFO  o.e.m.c.i.embedder.EclipseLogger - skip non existing resourceDirectory C:\fdrive\TaxdooTask\WebAutomation\Taxdoo\src\test\resources
2022-11-07 13:35:22,427 [Worker-14: Building] INFO  o.e.m.c.i.embedder.EclipseLogger - Using 'UTF-8' encoding to copy filtered resources.
2022-11-07 13:35:22,427 [Worker-14: Building] INFO  o.e.m.c.i.embedder.EclipseLogger - skip non existing resourceDirectory C:\fdrive\TaxdooTask\WebAutomation\Taxdoo\src\main\resources
2022-11-07 13:35:22,429 [Worker-14: Building] INFO  o.e.m.c.i.embedder.EclipseLogger - Using 'UTF-8' encoding to copy filtered resources.
2022-11-07 13:35:22,429 [Worker-14: Building] INFO  o.e.m.c.i.embedder.EclipseLogger - skip non existing resourceDirectory C:\fdrive\TaxdooTask\WebAutomation\Taxdoo\src\test\resources
2022-11-07 13:35:30,204 [Worker-16: Building] INFO  o.e.m.c.i.embedder.EclipseLogger - Using 'UTF-8' encoding to copy filtered resources.
2022-11-07 13:35:30,205 [Worker-16: Building] INFO  o.e.m.c.i.embedder.EclipseLogger - skip non existing resourceDirectory C:\fdrive\TaxdooTask\WebAutomation\Taxdoo\src\main\resources
2022-11-07 13:35:30,206 [Worker-16: Building] INFO  o.e.m.c.i.embedder.EclipseLogger - Using 'UTF-8' encoding to copy filtered resources.
2022-11-07 13:35:30,206 [Worker-16: Building] INFO  o.e.m.c.i.embedder.EclipseLogger - skip non existing resourceDirectory C:\fdrive\TaxdooTask\WebAutomation\Taxdoo\src\test\resources
